0 info it worked if it ends with ok
1 verbose cli [ 'C:\\Program Files\\nodejs\\node.exe',
1 verbose cli   'C:\\Program Files\\nodejs\\node_modules\\npm\\bin\\npm-cli.js',
1 verbose cli   'i',
1 verbose cli   '-g',
1 verbose cli   'n' ]
2 info using npm@2.14.4
3 info using node@v4.1.1
4 verbose install initial load of C:\Users\carson\AppData\Roaming\npm\package.json
5 verbose readDependencies loading dependencies from C:\Users\carson\AppData\Roaming\npm\package.json
6 silly cache add args [ 'n', null ]
7 verbose cache add spec n
8 silly cache add parsed spec Result {
8 silly cache add   raw: 'n',
8 silly cache add   scope: null,
8 silly cache add   name: 'n',
8 silly cache add   rawSpec: '',
8 silly cache add   spec: '*',
8 silly cache add   type: 'range' }
9 silly addNamed n@*
10 verbose addNamed "*" is a valid semver range for n
11 silly addNameRange { name: 'n', range: '*', hasData: false }
12 silly mapToRegistry name n
13 silly mapToRegistry using default registry
14 silly mapToRegistry registry https://registry.npmjs.org/
15 silly mapToRegistry uri https://registry.npmjs.org/n
16 verbose addNameRange registry:https://registry.npmjs.org/n not in flight; fetching
17 verbose request uri https://registry.npmjs.org/n
18 verbose request no auth needed
19 info attempt registry request try #1 at 10:42:35
20 verbose request id 3d98c6aeb1dda428
21 verbose etag "CTPCVPXQBBTFXGD0OV413JYEC"
22 http request GET https://registry.npmjs.org/n
23 http 304 https://registry.npmjs.org/n
24 silly get cb [ 304,
24 silly get   { date: 'Mon, 18 Jan 2016 02:42:39 GMT',
24 silly get     via: '1.1 varnish',
24 silly get     'cache-control': 'max-age=300',
24 silly get     etag: '"CTPCVPXQBBTFXGD0OV413JYEC"',
24 silly get     age: '0',
24 silly get     connection: 'keep-alive',
24 silly get     'x-served-by': 'cache-itm7422-ITM',
24 silly get     'x-cache': 'HIT',
24 silly get     'x-cache-hits': '1',
24 silly get     'x-timer': 'S1453084959.188408,VS0,VE133',
24 silly get     vary: 'Accept' } ]
25 verbose etag https://registry.npmjs.org/n from cache
26 verbose get saving n to C:\Users\carson\AppData\Roaming\npm-cache\registry.npmjs.org\n\.cache.json
27 silly addNameRange number 2 { name: 'n', range: '*', hasData: true }
28 silly addNameRange versions [ 'n',
28 silly addNameRange   [ '0.0.1',
28 silly addNameRange     '0.0.2',
28 silly addNameRange     '0.0.3',
28 silly addNameRange     '0.0.4',
28 silly addNameRange     '0.1.0',
28 silly addNameRange     '0.1.1',
28 silly addNameRange     '0.1.2',
28 silly addNameRange     '0.2.0',
28 silly addNameRange     '0.2.1',
28 silly addNameRange     '0.2.2',
28 silly addNameRange     '0.3.0',
28 silly addNameRange     '0.4.0',
28 silly addNameRange     '0.4.1',
28 silly addNameRange     '0.4.2',
28 silly addNameRange     '0.5.0',
28 silly addNameRange     '0.5.1',
28 silly addNameRange     '0.5.2',
28 silly addNameRange     '0.5.3',
28 silly addNameRange     '0.5.4',
28 silly addNameRange     '0.6.0',
28 silly addNameRange     '0.6.1',
28 silly addNameRange     '0.7.0',
28 silly addNameRange     '0.7.1',
28 silly addNameRange     '0.7.2',
28 silly addNameRange     '0.7.3',
28 silly addNameRange     '0.8.0',
28 silly addNameRange     '0.8.1',
28 silly addNameRange     '0.8.2',
28 silly addNameRange     '0.9.0',
28 silly addNameRange     '0.9.1',
28 silly addNameRange     '0.9.2',
28 silly addNameRange     '0.9.3',
28 silly addNameRange     '1.0.0',
28 silly addNameRange     '1.1.0',
28 silly addNameRange     '1.2.1',
28 silly addNameRange     '1.2.2',
28 silly addNameRange     '1.2.3',
28 silly addNameRange     '1.2.4',
28 silly addNameRange     '1.2.5',
28 silly addNameRange     '1.2.6',
28 silly addNameRange     '1.2.7',
28 silly addNameRange     '1.2.8',
28 silly addNameRange     '1.2.9',
28 silly addNameRange     '1.2.11',
28 silly addNameRange     '1.2.13',
28 silly addNameRange     '1.2.14',
28 silly addNameRange     '1.3.0',
28 silly addNameRange     '1.4.0',
28 silly addNameRange     '2.0.0',
28 silly addNameRange     '1.4.1',
28 silly addNameRange     '2.0.1',
28 silly addNameRange     '1.4.2',
28 silly addNameRange     '2.0.2',
28 silly addNameRange     '2.1.0' ] ]
29 silly addNamed n@2.1.0
30 verbose addNamed "2.1.0" is a plain semver version for n
31 silly cache afterAdd n@2.1.0
32 verbose afterAdd C:\Users\carson\AppData\Roaming\npm-cache\n\2.1.0\package\package.json not in flight; writing
33 verbose afterAdd C:\Users\carson\AppData\Roaming\npm-cache\n\2.1.0\package\package.json written
34 silly install resolved [ { name: 'n',
34 silly install resolved     description: 'Interactively Manage All Your Node Versions',
34 silly install resolved     version: '2.1.0',
34 silly install resolved     author: { name: 'TJ Holowaychuk', email: 'tj@vision-media.ca' },
34 silly install resolved     homepage: 'https://github.com/tj/n',
34 silly install resolved     bugs: { url: 'https://github.com/tj/n/issues' },
34 silly install resolved     contributors: [ [Object], [Object], [Object] ],
34 silly install resolved     keywords:
34 silly install resolved      [ 'nvm',
34 silly install resolved        'node',
34 silly install resolved        'version',
34 silly install resolved        'manager',
34 silly install resolved        'switcher',
34 silly install resolved        'node',
34 silly install resolved        'binary',
34 silly install resolved        'env' ],
34 silly install resolved     bin: { n: './bin/n' },
34 silly install resolved     repository: { type: 'git', url: 'git://github.com/tj/n.git' },
34 silly install resolved     preferGlobal: true,
34 silly install resolved     os: [ '!win32' ],
34 silly install resolved     engines: { node: '*' },
34 silly install resolved     license: 'MIT',
34 silly install resolved     gitHead: '17ef0bf936c9ddb57b174d79f81ae04d8257883e',
34 silly install resolved     _id: 'n@2.1.0',
34 silly install resolved     scripts: {},
34 silly install resolved     _shasum: '4fc736dc18291e464c79fda9ef8faf21e6e1a679',
34 silly install resolved     _from: 'n@*',
34 silly install resolved     _npmVersion: '3.3.12',
34 silly install resolved     _nodeVersion: '5.3.0',
34 silly install resolved     _npmUser: { name: 'qw3rtman', email: 'me@nimit.io' },
34 silly install resolved     dist:
34 silly install resolved      { shasum: '4fc736dc18291e464c79fda9ef8faf21e6e1a679',
34 silly install resolved        tarball: 'http://registry.npmjs.org/n/-/n-2.1.0.tgz' },
34 silly install resolved     maintainers: [ [Object], [Object], [Object], [Object], [Object], [Object] ],
34 silly install resolved     directories: {},
34 silly install resolved     _resolved: 'https://registry.npmjs.org/n/-/n-2.1.0.tgz',
34 silly install resolved     readme: 'ERROR: No README data found!' } ]
35 info install n@2.1.0 into C:\Users\carson\AppData\Roaming\npm
36 info installOne n@2.1.0
37 verbose installOne of n to C:\Users\carson\AppData\Roaming\npm not in flight; installing
38 verbose lock using C:\Users\carson\AppData\Roaming\npm-cache\_locks\n-0fa5c2b4e19edf59.lock for C:\Users\carson\AppData\Roaming\npm\node_modules\n
39 verbose unlock done using C:\Users\carson\AppData\Roaming\npm-cache\_locks\n-0fa5c2b4e19edf59.lock for C:\Users\carson\AppData\Roaming\npm\node_modules\n
40 verbose stack Error: Unsupported
40 verbose stack     at checkPlatform (C:\Program Files\nodejs\node_modules\npm\node_modules\npm-install-checks\index.js:47:14)
40 verbose stack     at Array.<anonymous> (C:\Program Files\nodejs\node_modules\npm\node_modules\slide\lib\bind-actor.js:15:8)
40 verbose stack     at LOOP (C:\Program Files\nodejs\node_modules\npm\node_modules\slide\lib\chain.js:15:14)
40 verbose stack     at C:\Program Files\nodejs\node_modules\npm\node_modules\slide\lib\chain.js:18:7
40 verbose stack     at checkEngine (C:\Program Files\nodejs\node_modules\npm\node_modules\npm-install-checks\index.js:26:10)
40 verbose stack     at Array.<anonymous> (C:\Program Files\nodejs\node_modules\npm\node_modules\slide\lib\bind-actor.js:15:8)
40 verbose stack     at LOOP (C:\Program Files\nodejs\node_modules\npm\node_modules\slide\lib\chain.js:15:14)
40 verbose stack     at chain (C:\Program Files\nodejs\node_modules\npm\node_modules\slide\lib\chain.js:20:5)
40 verbose stack     at C:\Program Files\nodejs\node_modules\npm\lib\install.js:1038:5
40 verbose stack     at C:\Program Files\nodejs\node_modules\npm\lib\utils\locker.js:39:7
41 verbose pkgid n@2.1.0
42 verbose cwd C:\users\carson\Documents\GitHub\puppet-master
43 error Windows_NT 10.0.10586
44 error argv "C:\\Program Files\\nodejs\\node.exe" "C:\\Program Files\\nodejs\\node_modules\\npm\\bin\\npm-cli.js" "i" "-g" "n"
45 error node v4.1.1
46 error npm  v2.14.4
47 error code EBADPLATFORM
48 error notsup Unsupported
48 error notsup Not compatible with your operating system or architecture: n@2.1.0
48 error notsup Valid OS:    !win32
48 error notsup Valid Arch:  any
48 error notsup Actual OS:   win32
48 error notsup Actual Arch: x64
49 verbose exit [ 1, true ]
